TN:
SF:src\controllers\StoreController.ts
FN:9,(anonymous_8)
FN:18,(anonymous_10)
FN:27,(anonymous_12)
FN:37,(anonymous_14)
FN:47,(anonymous_16)
FN:57,(anonymous_18)
FNF:6
FNH:6
FNDA:2,(anonymous_8)
FNDA:2,(anonymous_10)
FNDA:1,(anonymous_12)
FNDA:2,(anonymous_14)
FNDA:2,(anonymous_16)
FNDA:2,(anonymous_18)
DA:1,1
DA:5,1
DA:6,1
DA:8,1
DA:10,2
DA:11,2
DA:12,1
DA:14,1
DA:19,2
DA:20,2
DA:21,1
DA:23,1
DA:28,1
DA:29,1
DA:30,1
DA:31,1
DA:33,0
DA:38,2
DA:39,2
DA:40,1
DA:42,1
DA:43,1
DA:48,2
DA:49,2
DA:50,1
DA:52,1
DA:53,1
DA:58,2
DA:59,2
DA:60,1
DA:62,1
LF:31
LH:30
BRDA:42,0,0,0
BRDA:52,1,0,0
BRF:2
BRH:0
end_of_record
TN:
SF:src\controllers\UserController.ts
FN:8,(anonymous_8)
FN:17,(anonymous_10)
FN:26,(anonymous_12)
FN:36,(anonymous_14)
FN:45,(anonymous_16)
FN:54,(anonymous_18)
FNF:6
FNH:6
FNDA:2,(anonymous_8)
FNDA:2,(anonymous_10)
FNDA:1,(anonymous_12)
FNDA:2,(anonymous_14)
FNDA:2,(anonymous_16)
FNDA:3,(anonymous_18)
DA:1,1
DA:4,1
DA:5,1
DA:7,1
DA:9,2
DA:10,2
DA:11,1
DA:13,1
DA:18,2
DA:19,2
DA:20,1
DA:22,1
DA:27,1
DA:28,1
DA:29,1
DA:30,1
DA:32,0
DA:37,2
DA:38,2
DA:39,1
DA:41,1
DA:46,2
DA:47,2
DA:48,1
DA:50,1
DA:55,3
DA:56,3
DA:57,1
DA:59,2
LF:29
LH:28
BRF:0
BRH:0
end_of_record
TN:
SF:src\tests\mocks\store.mock.ts
FN:9,(anonymous_0)
FN:19,(anonymous_1)
FNF:2
FNH:2
FNDA:12,(anonymous_0)
FNDA:1,(anonymous_1)
DA:1,1
DA:10,12
DA:11,12
DA:12,12
DA:13,12
DA:14,12
DA:15,12
DA:16,12
DA:20,1
DA:21,1
DA:22,1
DA:23,1
DA:24,1
DA:25,1
DA:26,1
DA:28,1
LF:16
LH:16
BRF:0
BRH:0
end_of_record
TN:
SF:src\tests\mocks\user.mock.ts
FN:10,(anonymous_0)
FNF:1
FNH:1
FNDA:14,(anonymous_0)
DA:1,2
DA:11,14
DA:12,14
DA:13,14
DA:14,14
DA:15,14
DA:16,14
DA:17,14
LF:8
LH:8
BRF:0
BRH:0
end_of_record
TN:
SF:src\utils\CustomError.ts
FN:4,(anonymous_0)
FNF:1
FNH:1
FNDA:9,(anonymous_0)
DA:1,2
DA:5,9
DA:6,9
DA:7,9
LF:4
LH:4
BRF:0
BRH:0
end_of_record
TN:
SF:src\utils\Pagination.ts
FN:5,(anonymous_1)
FN:11,(anonymous_2)
FN:15,(anonymous_3)
FN:21,(anonymous_4)
FN:32,(anonymous_5)
FNF:5
FNH:1
FNDA:0,(anonymous_1)
FNDA:0,(anonymous_2)
FNDA:0,(anonymous_3)
FNDA:0,(anonymous_4)
FNDA:2,(anonymous_5)
DA:3,2
DA:5,2
DA:6,0
DA:12,0
DA:16,0
DA:17,0
DA:18,0
DA:22,0
DA:23,0
DA:24,0
DA:26,0
DA:27,0
DA:29,0
DA:33,2
DA:34,2
DA:35,2
DA:36,2
DA:37,2
LF:18
LH:7
BRDA:23,0,0,0
BRDA:26,1,0,0
BRF:2
BRH:0
end_of_record
TN:
SF:src\utils\status.ts
FNF:0
FNH:0
DA:1,2
LF:1
LH:1
BRF:0
BRH:0
end_of_record
TN:
SF:src\utils\validate\index.ts
FN:9,(anonymous_1)
FN:14,(anonymous_2)
FN:20,(anonymous_3)
FN:26,(anonymous_4)
FN:32,(anonymous_5)
FN:39,(anonymous_6)
FN:46,(anonymous_7)
FN:52,(anonymous_8)
FNF:8
FNH:0
FNDA:0,(anonymous_1)
FNDA:0,(anonymous_2)
FNDA:0,(anonymous_3)
FNDA:0,(anonymous_4)
FNDA:0,(anonymous_5)
FNDA:0,(anonymous_6)
FNDA:0,(anonymous_7)
FNDA:0,(anonymous_8)
DA:1,2
DA:2,2
DA:3,2
DA:5,2
DA:10,0
DA:11,0
DA:15,0
DA:16,0
DA:21,0
DA:22,0
DA:27,0
DA:28,0
DA:33,0
DA:34,0
DA:35,0
DA:40,0
DA:41,0
DA:42,0
DA:47,0
DA:48,0
DA:53,0
DA:54,0
LF:22
LH:4
BRDA:15,0,0,0
BRDA:21,1,0,0
BRDA:27,2,0,0
BRDA:34,3,0,0
BRDA:41,4,0,0
BRDA:47,5,0,0
BRDA:53,6,0,0
BRF:7
BRH:0
end_of_record
